2012-08-12 16:45:41 logging      INFO     http://api.douban.com/shuo/users/ryancoder/followers?api_key=05743125acff7a93105c937106fe6fb9&count=10000
2012-08-12 16:45:41 logging      INFO     http://api.douban.com/shuo/users/Femmetatale/followers?api_key=05743125acff7a93105c937106fe6fb9&count=10000
2012-08-12 16:45:42 logging      INFO     http://api.douban.com/shuo/users/rosejay/followers?api_key=05743125acff7a93105c937106fe6fb9&count=10000
2012-08-12 16:45:42 logging      INFO     http://api.douban.com/shuo/users/4875089/followers?api_key=05743125acff7a93105c937106fe6fb9&count=10000
2012-08-12 16:45:42 logging      INFO     http://api.douban.com/shuo/users/loddit/followers?api_key=05743125acff7a93105c937106fe6fb9&count=10000
2012-08-12 16:45:42 logging      INFO     http://api.douban.com/shuo/users/57303548/followers?api_key=05743125acff7a93105c937106fe6fb9&count=10000
2012-08-12 16:45:42 logging      INFO     http://api.douban.com/shuo/users/61670096/followers?api_key=05743125acff7a93105c937106fe6fb9&count=10000
2012-08-12 16:45:43 logging      INFO     http://api.douban.com/shuo/users/itonyseek/followers?api_key=05743125acff7a93105c937106fe6fb9&count=10000
2012-08-12 16:45:43 logging      INFO     http://api.douban.com/shuo/users/hustKiwi/followers?api_key=05743125acff7a93105c937106fe6fb9&count=10000
2012-08-12 16:46:16 logging      INFO     http://api.douban.com/shuo/users/ryancoder/followers?api_key=05743125acff7a93105c937106fe6fb9&count=10000
2012-08-12 16:46:16 logging      INFO     http://api.douban.com/shuo/users/Femmetatale/followers?api_key=05743125acff7a93105c937106fe6fb9&count=10000
2012-08-12 16:46:17 logging      INFO     http://api.douban.com/shuo/users/mew7wo/followers?api_key=05743125acff7a93105c937106fe6fb9&count=10000
2012-08-12 16:46:17 logging      INFO     http://api.douban.com/shuo/users/50901880/followers?api_key=05743125acff7a93105c937106fe6fb9&count=10000
2012-08-12 16:46:17 logging      INFO     http://api.douban.com/shuo/users/63808512/followers?api_key=05743125acff7a93105c937106fe6fb9&count=10000
2012-08-12 16:46:17 logging      INFO     http://api.douban.com/shuo/users/ryancoder/followers?api_key=05743125acff7a93105c937106fe6fb9&count=10000
2012-08-12 16:46:17 logging      INFO     http://api.douban.com/shuo/users/Femmetatale/followers?api_key=05743125acff7a93105c937106fe6fb9&count=10000
2012-08-12 16:46:20 logging      INFO     http://api.douban.com/shuo/users/rosejay/followers?api_key=05743125acff7a93105c937106fe6fb9&count=10000
2012-08-12 16:46:20 logging      INFO     http://api.douban.com/shuo/users/4875089/followers?api_key=05743125acff7a93105c937106fe6fb9&count=10000
2012-08-12 16:46:20 logging      INFO     http://api.douban.com/shuo/users/loddit/followers?api_key=05743125acff7a93105c937106fe6fb9&count=10000
2012-08-12 16:46:24 logging      INFO     http://api.douban.com/shuo/users/57303548/followers?api_key=05743125acff7a93105c937106fe6fb9&count=10000
2012-08-12 16:46:24 logging      INFO     http://api.douban.com/shuo/users/61670096/followers?api_key=05743125acff7a93105c937106fe6fb9&count=10000
2012-08-12 16:46:24 logging      INFO     http://api.douban.com/shuo/users/itonyseek/followers?api_key=05743125acff7a93105c937106fe6fb9&count=10000
2012-08-12 16:46:24 logging      INFO     http://api.douban.com/shuo/users/hustKiwi/followers?api_key=05743125acff7a93105c937106fe6fb9&count=10000
2012-08-12 16:56:09 logging      INFO     http://api.douban.com/shuo/users/ryancoder/followers?api_key=05743125acff7a93105c937106fe6fb9&count=10000
2012-08-12 16:56:09 logging      INFO     http://api.douban.com/shuo/users/Femmetatale/followers?api_key=05743125acff7a93105c937106fe6fb9&count=10000
2012-08-12 16:56:10 logging      INFO     http://api.douban.com/shuo/users/mew7wo/followers?api_key=05743125acff7a93105c937106fe6fb9&count=10000
2012-08-12 16:56:10 logging      INFO     http://api.douban.com/shuo/users/50901880/followers?api_key=05743125acff7a93105c937106fe6fb9&count=10000
2012-08-12 16:56:10 logging      INFO     http://api.douban.com/shuo/users/63808512/followers?api_key=05743125acff7a93105c937106fe6fb9&count=10000
2012-08-12 16:56:10 logging      INFO     http://api.douban.com/shuo/users/ryancoder/followers?api_key=05743125acff7a93105c937106fe6fb9&count=10000
2012-08-12 16:56:10 logging      INFO     http://api.douban.com/shuo/users/Femmetatale/followers?api_key=05743125acff7a93105c937106fe6fb9&count=10000
2012-08-12 16:56:11 logging      INFO     http://api.douban.com/shuo/users/rosejay/followers?api_key=05743125acff7a93105c937106fe6fb9&count=10000
2012-08-12 16:56:11 logging      INFO     http://api.douban.com/shuo/users/4875089/followers?api_key=05743125acff7a93105c937106fe6fb9&count=10000
2012-08-12 16:56:11 logging      INFO     http://api.douban.com/shuo/users/loddit/followers?api_key=05743125acff7a93105c937106fe6fb9&count=10000
2012-08-12 16:56:12 logging      INFO     http://api.douban.com/shuo/users/57303548/followers?api_key=05743125acff7a93105c937106fe6fb9&count=10000
2012-08-12 16:56:12 logging      INFO     http://api.douban.com/shuo/users/61670096/followers?api_key=05743125acff7a93105c937106fe6fb9&count=10000
2012-08-12 16:56:12 logging      INFO     http://api.douban.com/shuo/users/itonyseek/followers?api_key=05743125acff7a93105c937106fe6fb9&count=10000
2012-08-12 16:56:17 logging      INFO     http://api.douban.com/shuo/users/hustKiwi/followers?api_key=05743125acff7a93105c937106fe6fb9&count=10000
2012-08-12 16:56:48 logging      INFO     http://api.douban.com/shuo/users/ryancoder/followers?api_key=05743125acff7a93105c937106fe6fb9&count=10000
2012-08-12 16:56:48 logging      INFO     http://api.douban.com/shuo/users/Femmetatale/followers?api_key=05743125acff7a93105c937106fe6fb9&count=10000
2012-08-12 16:56:49 logging      INFO     http://api.douban.com/shuo/users/mew7wo/followers?api_key=05743125acff7a93105c937106fe6fb9&count=10000
2012-08-12 16:56:49 logging      INFO     http://api.douban.com/shuo/users/50901880/followers?api_key=05743125acff7a93105c937106fe6fb9&count=10000
2012-08-12 16:56:49 logging      INFO     http://api.douban.com/shuo/users/63808512/followers?api_key=05743125acff7a93105c937106fe6fb9&count=10000
2012-08-12 16:56:49 logging      INFO     http://api.douban.com/shuo/users/ryancoder/followers?api_key=05743125acff7a93105c937106fe6fb9&count=10000
2012-08-12 16:56:49 logging      INFO     http://api.douban.com/shuo/users/Femmetatale/followers?api_key=05743125acff7a93105c937106fe6fb9&count=10000
2012-08-12 16:56:50 logging      INFO     http://api.douban.com/shuo/users/rosejay/followers?api_key=05743125acff7a93105c937106fe6fb9&count=10000
2012-08-12 16:56:50 logging      INFO     http://api.douban.com/shuo/users/4875089/followers?api_key=05743125acff7a93105c937106fe6fb9&count=10000
2012-08-12 16:56:50 logging      INFO     http://api.douban.com/shuo/users/loddit/followers?api_key=05743125acff7a93105c937106fe6fb9&count=10000
2012-08-12 16:56:50 logging      INFO     http://api.douban.com/shuo/users/57303548/followers?api_key=05743125acff7a93105c937106fe6fb9&count=10000
2012-08-12 16:56:55 logging      INFO     http://api.douban.com/shuo/users/61670096/followers?api_key=05743125acff7a93105c937106fe6fb9&count=10000
